fatal: Unable to read current working directory: Operation not permitted
fatal: Unable to read current working directory: Operation not permitted
fatal: Unable to read current working directory: Operation not permitted
fatal: Unable to read current working directory: Operation not permitted
fatal: Unable to read current working directory: Operation not permitted
fatal: Unable to read current working directory: Operation not permitted
fatal: Unable to read current working directory: Operation not permitted
fatal: Unable to read current working directory: Operation not permitted
fatal: Unable to read current working directory: Operation not permitted
fatal: Unable to read current working directory: Operation not permitted
fatal: Unable to read current working directory: Operation not permitted
fatal: Unable to read current working directory: Operation not permitted
fatal: Unable to read current working directory: Operation not permitted
fatal: Unable to read current working directory: Operation not permitted
fatal: Unable to read current working directory: Operation not permitted
From github.com:rfm0905/notes
 * branch            main       -> FETCH_HEAD
fatal: Cannot rebase onto multiple branches.
error: cannot pull with rebase: You have unstaged changes.
error: Please commit or stash them.
[main 4b5be6a] auto-sync: 2026-03-18 13:22
 4 files changed, 172 insertions(+), 106 deletions(-)
 rename .obsidian/plugins/iconic/{data.json.backup2 => data.json.backup5} (100%)
 delete mode 100644 .obsidian/plugins/iconic/data.json.backup6
 create mode 100644 Journals/03-18-2026.md
To github.com:rfm0905/notes.git
   b53649d..4b5be6a  main -> main
From github.com:rfm0905/notes
 * branch            main       -> FETCH_HEAD
Already up to date.
ssh: connect to host github.com port 22: Undefined error: 0
fatal: Could not read from remote repository.

Please make sure you have the correct access rights
and the repository exists.
fatal: Unable to create '/Users/raedm/ObsidianNotes/.git/index.lock': File exists.

Another git process seems to be running in this repository, e.g.
an editor opened by 'git commit'. Please make sure all processes
are terminated then try again. If it still fails, a git process
may have crashed in this repository earlier:
remove the file manually to continue.
ssh: connect to host github.com port 22: Undefined error: 0
fatal: Could not read from remote repository.

Please make sure you have the correct access rights
and the repository exists.
